<?xml version="1.0" encoding="UTF-8"?>
<testsuite name="com.capinvoicegenerator.InvoiceServiceTest" tests="1" skipped="0" failures="0" errors="0" timestamp="2019-12-16T12:25:45" hostname="admin142-desktop" time="0.001">
  <properties/>
  <testcase name="givenUserIDAndRides_shouldReturnInvoiceSummary" classname="com.capinvoicegenerator.InvoiceServiceTest" time="0.001"/>
  <system-out><![CDATA[]]></system-out>
  <system-err><![CDATA[]]></system-err>
</testsuite>
